<?xml version="1.0" encoding="UTF-8"?>
<!-- Generated by org.testng.reporters.JUnitReportReporter -->
<testsuite hostname="DRCOX2.hsd1.mn.comcast.net" name="com.sorenson.test.DrawingTest" tests="9" failures="0" timestamp="30 Apr 2016 19:54:41 GMT" time="3.327" errors="0">
  <testcase name="invalidRepeats" time="0.004" classname="com.sorenson.test.DrawingTest"/>
  <testcase name="check100000ResultsSpeed" time="0.123" classname="com.sorenson.test.DrawingTest"/>
  <testcase name="check10000ResultsSpeed" time="0.015" classname="com.sorenson.test.DrawingTest"/>
  <testcase name="checkAllPossibilities" time="0.008" classname="com.sorenson.test.DrawingTest"/>
  <testcase name="invalidEmptyArray" time="0.018" classname="com.sorenson.test.DrawingTest"/>
  <testcase name="check1000000ResultsSpeed" time="3.142" classname="com.sorenson.test.DrawingTest"/>
  <testcase name="checkChangingResults" time="0.007" classname="com.sorenson.test.DrawingTest"/>
  <testcase name="invalidOnePersonArray" time="0.005" classname="com.sorenson.test.DrawingTest"/>
  <testcase name="checkTwoPersonArray" time="0.005" classname="com.sorenson.test.DrawingTest"/>
</testsuite> <!-- com.sorenson.test.DrawingTest -->
